<?xml version="1.0" encoding="UTF-8"?>
<testng-results ignored="0" total="2" passed="2" failed="0" skipped="0">
  <reporter-output>
  </reporter-output>
  <suite started-at="2025-07-07T19:18:01 IST" name="Suite" finished-at="2025-07-07T19:18:16 IST" duration-ms="14611">
    <groups>
    </groups>
    <test started-at="2025-07-07T19:18:01 IST" name="Test" finished-at="2025-07-07T19:18:16 IST" duration-ms="14611">
      <class name="TestNg.Parllel_testing">
        <test-method signature="Method()[pri:0, instance:TestNg.Parllel_testing@45752059]" started-at="2025-07-07T19:18:01 IST" name="Method" finished-at="2025-07-07T19:18:16 IST" duration-ms="14537" status="PASS">
          <reporter-output>
          </reporter-output>
        </test-method> <!-- Method -->
        <test-method signature="gettitle()[pri:0, instance:TestNg.Parllel_testing@45752059]" started-at="2025-07-07T19:18:01 IST" name="gettitle" finished-at="2025-07-07T19:18:11 IST" duration-ms="9985" status="PASS">
          <reporter-output>
          </reporter-output>
        </test-method> <!-- gettitle -->
      </class> <!-- TestNg.Parllel_testing -->
    </test> <!-- Test -->
  </suite> <!-- Suite -->
</testng-results>
